2024-07-22 11:49:56,814 reports INFO: Декоратор начал свою работу.
2024-07-22 11:49:57,733 reports INFO: Функция начала свою работу.
2024-07-22 11:49:57,734 reports INFO: Функция обрабатывает полученные данные.
2024-07-22 11:49:57,734 reports INFO: Функция успешно завершила свою работу.
2024-07-22 11:49:57,739 reports INFO: Функция начала свою работу.
2024-07-22 11:49:57,739 reports INFO: Функция обрабатывает полученные данные.
2024-07-22 11:49:57,740 reports INFO: Функция успешно завершила свою работу.
2024-07-22 11:49:57,742 reports INFO: Функция начала свою работу.
2024-07-22 11:49:57,742 reports INFO: Функция обрабатывает полученные данные.
2024-07-22 11:49:57,742 reports INFO: Функция успешно завершила свою работу.
2024-07-22 11:49:57,744 reports INFO: Функция начала свою работу.
2024-07-22 11:49:57,746 reports INFO: Функция обрабатывает полученные данные.
2024-07-22 11:49:57,749 reports INFO: Функция успешно завершила свою работу.
2024-07-22 11:49:57,753 reports INFO: Функция начала свою работу.
2024-07-22 11:49:57,754 reports INFO: Функция обрабатывает полученные данные.
2024-07-22 11:49:57,754 reports INFO: Функция успешно завершила свою работу.
2024-07-22 11:49:57,756 reports INFO: Функция начала свою работу.
2024-07-22 11:49:57,756 reports INFO: Функция обрабатывает полученные данные.
2024-07-22 11:49:57,757 reports INFO: Функция успешно завершила свою работу.
2024-07-22 11:49:57,758 reports INFO: Декоратор получает результат работы декорируемой функции.
2024-07-22 11:49:57,758 reports INFO: Функция начала свою работу.
2024-07-22 11:49:57,761 reports INFO: Функция проводит очистку от пустых значений в Категориях
2024-07-22 11:49:57,763 reports INFO: Функция передаёт очищенные данные для обработки своим подфункциям.
2024-07-22 11:49:57,764 reports INFO: Функция начала свою работу.
2024-07-22 11:49:57,764 reports INFO: Функция обрабатывает полученные данные.
2024-07-22 11:49:57,764 reports INFO: Функция успешно завершила свою работу.
2024-07-22 11:49:57,764 reports INFO: Функция начала свою работу.
2024-07-22 11:49:57,765 reports INFO: Функция обрабатывает полученные данные.
2024-07-22 11:49:57,765 reports INFO: Функция успешно завершила свою работу.
2024-07-22 11:49:57,766 reports INFO: Функция успешно завершила свою работу.
2024-07-22 11:49:57,767 reports INFO: Декоратор записывает полученный результат в файл.
2024-07-22 11:49:57,770 reports INFO: Декоратор успешно завершил свою работу.
2024-07-22 11:49:57,773 reports INFO: Декоратор получает результат работы декорируемой функции.
2024-07-22 11:49:57,773 reports INFO: Функция начала свою работу.
2024-07-22 11:49:57,773 reports INFO: Функция проводит очистку от пустых значений в Категориях
2024-07-22 11:49:57,774 reports INFO: Функция передаёт очищенные данные для обработки своим подфункциям.
2024-07-22 11:49:57,774 reports INFO: Функция начала свою работу.
2024-07-22 11:49:57,774 reports INFO: Функция обрабатывает полученные данные.
2024-07-22 11:49:57,775 reports INFO: Функция успешно завершила свою работу.
2024-07-22 11:49:57,775 reports INFO: Функция начала свою работу.
2024-07-22 11:49:57,775 reports INFO: Функция обрабатывает полученные данные.
2024-07-22 11:49:57,776 reports INFO: Функция успешно завершила свою работу.
2024-07-22 11:49:57,776 reports INFO: Функция успешно завершила свою работу.
2024-07-22 11:49:57,776 reports INFO: Декоратор записывает полученный результат в файл.
2024-07-22 11:49:57,778 reports INFO: Декоратор успешно завершил свою работу.
