2024-07-22 11:49:57,822 utils INFO: Функция начала свою работу.
2024-07-22 11:49:57,822 utils INFO: Функция начала обработку введённых данных.
2024-07-22 11:49:57,827 utils INFO: Функция успешно завершила свою работу.
2024-07-22 11:49:57,831 utils INFO: Функция начала свою работу.
2024-07-22 11:49:57,831 utils INFO: Функция начала обработку введённых данных.
2024-07-22 11:49:57,832 utils INFO: Функция успешно завершила свою работу.
2024-07-22 11:49:57,835 utils INFO: Функция начала свою работу.
2024-07-22 11:49:57,835 utils INFO: Функция начала обработку введённых данных.
2024-07-22 11:49:57,836 utils INFO: Функция успешно завершила свою работу.
2024-07-22 11:49:57,838 utils INFO: Функция начала свою работу.
2024-07-22 11:49:57,838 utils INFO: Функция начала обработку введённых данных.
2024-07-22 11:49:57,838 utils ERROR: Введены некорректные данные!
2024-07-22 11:49:57,840 utils INFO: Функция начала свою работу.
2024-07-22 11:49:57,840 utils INFO: Функция обрабатывает данные транзакций.
2024-07-22 11:49:57,840 utils INFO: Функция формирует итоговый результат.
2024-07-22 11:49:57,840 utils INFO: Функция успешно завершила свою работу.
2024-07-22 11:49:57,843 utils INFO: Функция начала свою работу.
2024-07-22 11:49:57,843 utils INFO: Функция успешно завершила свою работу.
2024-07-22 11:49:57,848 utils INFO: Функция начала свою работу.
2024-07-22 11:49:57,848 utils INFO: Функция успешно завершила свою работу.
2024-07-22 11:49:57,850 utils INFO: Функция начала свою работу.
2024-07-22 11:49:57,851 utils ERROR: Возникла ошибка при обработке файла пользовательских настроек!
2024-07-22 11:49:57,853 utils INFO: Функция начала свою работу.
2024-07-22 11:49:57,854 utils INFO: Функция получает данные курсов валют.
2024-07-22 11:49:57,854 utils INFO: Полученные данные форматируем в json {'query': {'amount': 1, 'from': 'USD', 'to': 'RUB'}, 'result': 90.0, 'success': True}
2024-07-22 11:49:57,855 utils INFO: Функция успешно завершила свою работу.
2024-07-22 11:49:57,859 utils INFO: Функция начала свою работу.
2024-07-22 11:49:57,860 utils INFO: Функция получает данные курсов валют.
2024-07-22 11:49:58,440 utils INFO: Полученные данные форматируем в json {'error': {'code': 'invalid_from_currency', 'message': 'You have entered an invalid "from" property. [Example: from=EUR]'}}
2024-07-22 11:49:58,441 utils ERROR: При работе функции произошла ошибка!
2024-07-22 11:49:58,447 utils INFO: Функция начала свою работу.
2024-07-22 11:49:58,450 utils INFO: Функция получает данные по котировкам.
2024-07-22 11:49:58,450 utils INFO: Полученные данные форматируем в json {'Global Quote': {'01. symbol': 'IBM', '05. price': 10.0}}
2024-07-22 11:49:58,451 utils INFO: Функция успешно завершила свою работу.
2024-07-22 11:49:58,458 utils INFO: Функция начала свою работу.
2024-07-22 11:49:58,460 utils INFO: Функция получает данные по котировкам.
2024-07-22 11:49:58,740 utils INFO: Полученные данные форматируем в json {'Information': 'Thank you for using Alpha Vantage! Our standard API rate limit is 25 requests per day. Please subscribe to any of the premium plans at https://www.alphavantage.co/premium/ to instantly remove all daily rate limits.'}
2024-07-22 11:49:58,741 utils ERROR: При работе функции произошла ошибка!
2024-07-22 11:49:58,751 utils INFO: Функция начала свою работу.
2024-07-22 11:49:58,751 utils INFO: Функция начала обработку введённых данных.
2024-07-22 11:49:58,752 utils INFO: Функция успешно завершила свою работу.
2024-07-22 11:49:58,762 utils INFO: Функция начала свою работу.
2024-07-22 11:49:58,763 utils INFO: Функция начала обработку введённых данных.
2024-07-22 11:49:58,763 utils ERROR: Введены некорректные данные!
